# JRE version: OpenJDK Runtime Environment (8.0_152-b06) (build 1.8.0_152-release-1136-b06)
# Java VM: OpenJDK 64-Bit Server VM (25.152-b06 mixed mode linux-amd64 compressed oops)
Heap:
 PSYoungGen      total 364544K, used 63775K [0x00000000e0000000, 0x00000000fe300000, 0x0000000100000000)
  eden space 257024K, 0% used [0x00000000e0000000,0x00000000e0000000,0x00000000efb00000)
  from space 107520K, 59% used [0x00000000f7a00000,0x00000000fb847cb0,0x00000000fe300000)
  to   space 99328K, 0% used [0x00000000efb00000,0x00000000efb00000,0x00000000f5c00000)
 ParOldGen       total 260096K, used 200654K [0x00000000a0000000, 0x00000000afe00000, 0x00000000e0000000)
  object space 260096K, 77% used [0x00000000a0000000,0x00000000ac3f3a10,0x00000000afe00000)
 Metaspace       used 75915K, capacity 78752K, committed 79064K, reserved 1118208K
  class space    used 9814K, capacity 10407K, committed 10496K, reserved 1048576K
GC Heap History (10 events):
Event: 79.205 GC heap after
Heap after GC invocations=28 (full 5):
 PSYoungGen      total 305664K, used 19978K [0x00000000e0000000, 0x00000000f7900000, 0x0000000100000000)
  eden space 240640K, 0% used [0x00000000e0000000,0x00000000e0000000,0x00000000eeb00000)
  from space 65024K, 30% used [0x00000000eeb00000,0x00000000efe82990,0x00000000f2a80000)
  to   space 60928K, 0% used [0x00000000f3d80000,0x00000000f3d80000,0x00000000f7900000)
 ParOldGen       total 260096K, used 144109K [0x00000000a0000000, 0x00000000afe00000, 0x00000000e0000000)
  object space 260096K, 55% used [0x00000000a0000000,0x00000000a8cbb538,0x00000000afe00000)
 Metaspace       used 74403K, capacity 76954K, committed 77272K, reserved 1116160K
  class space    used 9607K, capacity 10158K, committed 10240K, reserved 1048576K
}
Event: 82.418 GC heap before
{Heap before GC invocations=29 (full 5):
 PSYoungGen      total 305664K, used 260618K [0x00000000e0000000, 0x00000000f7900000, 0x0000000100000000)
  eden space 240640K, 100% used [0x00000000e0000000,0x00000000eeb00000,0x00000000eeb00000)
  from space 65024K, 30% used [0x00000000eeb00000,0x00000000efe82990,0x00000000f2a80000)
  to   space 60928K, 0% used [0x00000000f3d80000,0x00000000f3d80000,0x00000000f7900000)
 ParOldGen       total 260096K, used 144109K [0x00000000a0000000, 0x00000000afe00000, 0x00000000e0000000)
  object space 260096K, 55% used [0x00000000a0000000,0x00000000a8cbb538,0x00000000afe00000)
 Metaspace       used 74473K, capacity 77024K, committed 77272K, reserved 1116160K
  class space    used 9608K, capacity 10159K, committed 10240K, reserved 1048576K
Event: 82.585 GC heap after
Heap after GC invocations=29 (full 5):
 PSYoungGen      total 300032K, used 60918K [0x00000000e0000000, 0x00000000fb100000, 0x0000000100000000)
  eden space 239104K, 0% used [0x00000000e0000000,0x00000000e0000000,0x00000000ee980000)
  from space 60928K, 99% used [0x00000000f3d80000,0x00000000f78fd960,0x00000000f7900000)
  to   space 86016K, 0% used [0x00000000ee980000,0x00000000ee980000,0x00000000f3d80000)
 ParOldGen       total 260096K, used 182426K [0x00000000a0000000, 0x00000000afe00000, 0x00000000e0000000)
  object space 260096K, 70% used [0x00000000a0000000,0x00000000ab226bd8,0x00000000afe00000)
 Metaspace       used 74473K, capacity 77024K, committed 77272K, reserved 1116160K
  class space    used 9608K, capacity 10159K, committed 10240K, reserved 1048576K
}
Event: 86.892 GC heap before
{Heap before GC invocations=30 (full 5):
 PSYoungGen      total 300032K, used 300022K [0x00000000e0000000, 0x00000000fb100000, 0x0000000100000000)
  eden space 239104K, 100% used [0x00000000e0000000,0x00000000ee980000,0x00000000ee980000)
  from space 60928K, 99% used [0x00000000f3d80000,0x00000000f78fd960,0x00000000f7900000)
  to   space 86016K, 0% used [0x00000000ee980000,0x00000000ee980000,0x00000000f3d80000)
 ParOldGen       total 260096K, used 182426K [0x00000000a0000000, 0x00000000afe00000, 0x00000000e0000000)
  object space 260096K, 70% used [0x00000000a0000000,0x00000000ab226bd8,0x00000000afe00000)
 Metaspace       used 74692K, capacity 77294K, committed 77656K, reserved 1116160K
  class space    used 9636K, capacity 10214K, committed 10368K, reserved 1048576K
Event: 87.083 GC heap after
Heap after GC invocations=30 (full 5):
 PSYoungGen      total 325120K, used 61997K [0x00000000e0000000, 0x00000000fb600000, 0x0000000100000000)
  eden space 239104K, 0% used [0x00000000e0000000,0x00000000e0000000,0x00000000ee980000)
  from space 86016K, 72% used [0x00000000ee980000,0x00000000f260b6c0,0x00000000f3d80000)
  to   space 92160K, 0% used [0x00000000f5c00000,0x00000000f5c00000,0x00000000fb600000)
 ParOldGen       total 260096K, used 200646K [0x00000000a0000000, 0x00000000afe00000, 0x00000000e0000000)
  object space 260096K, 77% used [0x00000000a0000000,0x00000000ac3f1a10,0x00000000afe00000)
 Metaspace       used 74692K, capacity 77294K, committed 77656K, reserved 1116160K
  class space    used 9636K, capacity 10214K, committed 10368K, reserved 1048576K
}
Event: 92.130 GC heap before
{Heap before GC invocations=31 (full 5):
 PSYoungGen      total 325120K, used 301101K [0x00000000e0000000, 0x00000000fb600000, 0x0000000100000000)
  eden space 239104K, 100% used [0x00000000e0000000,0x00000000ee980000,0x00000000ee980000)
  from space 86016K, 72% used [0x00000000ee980000,0x00000000f260b6c0,0x00000000f3d80000)
  to   space 92160K, 0% used [0x00000000f5c00000,0x00000000f5c00000,0x00000000fb600000)
 ParOldGen       total 260096K, used 200646K [0x00000000a0000000, 0x00000000afe00000, 0x00000000e0000000)
  object space 260096K, 77% used [0x00000000a0000000,0x00000000ac3f1a10,0x00000000afe00000)
 Metaspace       used 74932K, capacity 77596K, committed 77912K, reserved 1116160K
  class space    used 9667K, capacity 10237K, committed 10368K, reserved 1048576K
Event: 92.243 GC heap after
Heap after GC invocations=31 (full 5):
 PSYoungGen      total 349184K, used 67852K [0x00000000e0000000, 0x00000000fc300000, 0x0000000100000000)
  eden space 257024K, 0% used [0x00000000e0000000,0x00000000e0000000,0x00000000efb00000)
  from space 92160K, 73% used [0x00000000f5c00000,0x00000000f9e431f8,0x00000000fb600000)
  to   space 99328K, 0% used [0x00000000efb00000,0x00000000efb00000,0x00000000f5c00000)
 ParOldGen       total 260096K, used 200646K [0x00000000a0000000, 0x00000000afe00000, 0x00000000e0000000)
  object space 260096K, 77% used [0x00000000a0000000,0x00000000ac3f1a10,0x00000000afe00000)
 Metaspace       used 74932K, capacity 77596K, committed 77912K, reserved 1116160K
  class space    used 9667K, capacity 10237K, committed 10368K, reserved 1048576K
}
Event: 147.962 GC heap before
{Heap before GC invocations=32 (full 5):
 PSYoungGen      total 349184K, used 324250K [0x00000000e0000000, 0x00000000fc300000, 0x0000000100000000)
  eden space 257024K, 99% used [0x00000000e0000000,0x00000000efa63840,0x00000000efb00000)
  from space 92160K, 73% used [0x00000000f5c00000,0x00000000f9e431f8,0x00000000fb600000)
  to   space 99328K, 0% used [0x00000000efb00000,0x00000000efb00000,0x00000000f5c00000)
 ParOldGen       total 260096K, used 200646K [0x00000000a0000000, 0x00000000afe00000, 0x00000000e0000000)
  object space 260096K, 77% used [0x00000000a0000000,0x00000000ac3f1a10,0x00000000afe00000)
 Metaspace       used 75913K, capacity 78752K, committed 79064K, reserved 1118208K
  class space    used 9814K, capacity 10407K, committed 10496K, reserved 1048576K
Event: 148.517 GC heap after
Heap after GC invocations=32 (full 5):
 PSYoungGen      total 356352K, used 75701K [0x00000000e0000000, 0x00000000fe300000, 0x0000000100000000)
  eden space 257024K, 0% used [0x00000000e0000000,0x00000000e0000000,0x00000000efb00000)
  from space 99328K, 76% used [0x00000000efb00000,0x00000000f44ed6e8,0x00000000f5c00000)
  to   space 107520K, 0% used [0x00000000f7a00000,0x00000000f7a00000,0x00000000fe300000)
 ParOldGen       total 260096K, used 200654K [0x00000000a0000000, 0x00000000afe00000, 0x00000000e0000000)
  object space 260096K, 77% used [0x00000000a0000000,0x00000000ac3f3a10,0x00000000afe00000)
 Metaspace       used 75913K, capacity 78752K, committed 79064K, reserved 1118208K
  class space    used 9814K, capacity 10407K, committed 10496K, reserved 1048576K
}
Event: 148.667 GC heap before
{Heap before GC invocations=33 (full 5):
 PSYoungGen      total 356352K, used 332316K [0x00000000e0000000, 0x00000000fe300000, 0x0000000100000000)
  eden space 257024K, 99% used [0x00000000e0000000,0x00000000efa99c28,0x00000000efb00000)
  from space 99328K, 76% used [0x00000000efb00000,0x00000000f44ed6e8,0x00000000f5c00000)
  to   space 107520K, 0% used [0x00000000f7a00000,0x00000000f7a00000,0x00000000fe300000)
 ParOldGen       total 260096K, used 200654K [0x00000000a0000000, 0x00000000afe00000, 0x00000000e0000000)
  object space 260096K, 77% used [0x00000000a0000000,0x00000000ac3f3a10,0x00000000afe00000)
 Metaspace       used 75915K, capacity 78752K, committed 79064K, reserved 1118208K
  class space    used 9814K, capacity 10407K, committed 10496K, reserved 1048576K

